# JRE version: OpenJDK Runtime Environment Temurin-17.0.7+7 (17.0.7+7) (build 17.0.7+7)
# Java VM: OpenJDK 64-Bit Server VM Temurin-17.0.7+7 (17.0.7+7, mixed mode, sharing, tiered, compressed oops, compressed class ptrs, g1 gc, windows-amd64)
GC Precious Log:
 CPUs: 8 total, 8 available
 Memory: 16149M
 Large Page Support: Disabled
 NUMA Support: Disabled
 Compressed Oops: Enabled (Zero based)
 Heap Region Size: 2M
 Heap Min Capacity: 512M
 Heap Initial Capacity: 512M
 Heap Max Capacity: 4072M
 Pre-touch: Disabled
 Parallel Workers: 8
 Concurrent Workers: 2
 Concurrent Refinement Workers: 8
 Periodic GC: Disabled
 String Deduplication is enabled
Heap:
 garbage-first heap   total 524288K, used 126796K [0x0000000701800000, 0x0000000800000000)
  region size 2048K, 18 young (36864K), 2 survivors (4096K)
 Metaspace       used 88972K, committed 89792K, reserved 1179648K
  class space    used 12263K, committed 12672K, reserved 1048576K
GC Heap History (20 events):
Event: 607.530 GC heap before
{Heap before GC invocations=90 (full 22):
 garbage-first heap   total 524288K, used 174363K [0x0000000701800000, 0x0000000800000000)
  region size 2048K, 40 young (81920K), 0 survivors (0K)
 Metaspace       used 88737K, committed 89536K, reserved 1179648K
  class space    used 12257K, committed 12672K, reserved 1048576K
}
Event: 607.534 GC heap after
{Heap after GC invocations=91 (full 22):
 garbage-first heap   total 524288K, used 93084K [0x0000000701800000, 0x0000000800000000)
  region size 2048K, 1 young (2048K), 1 survivors (2048K)
 Metaspace       used 88737K, committed 89536K, reserved 1179648K
  class space    used 12257K, committed 12672K, reserved 1048576K
}
Event: 609.056 GC heap before
{Heap before GC invocations=91 (full 22):
 garbage-first heap   total 524288K, used 129948K [0x0000000701800000, 0x0000000800000000)
  region size 2048K, 18 young (36864K), 1 survivors (2048K)
 Metaspace       used 88747K, committed 89536K, reserved 1179648K
  class space    used 12257K, committed 12672K, reserved 1048576K
}
Event: 609.122 GC heap after
{Heap after GC invocations=92 (full 23):
 garbage-first heap   total 524288K, used 95649K [0x0000000701800000, 0x0000000800000000)
  region size 2048K, 0 young (0K), 0 survivors (0K)
 Metaspace       used 88747K, committed 89536K, reserved 1179648K
  class space    used 12257K, committed 12672K, reserved 1048576K
}
Event: 614.221 GC heap before
{Heap before GC invocations=92 (full 23):
 garbage-first heap   total 524288K, used 126369K [0x0000000701800000, 0x0000000800000000)
  region size 2048K, 12 young (24576K), 0 survivors (0K)
 Metaspace       used 88766K, committed 89600K, reserved 1179648K
  class space    used 12257K, committed 12672K, reserved 1048576K
}
Event: 614.291 GC heap after
{Heap after GC invocations=93 (full 24):
 garbage-first heap   total 524288K, used 95789K [0x0000000701800000, 0x0000000800000000)
  region size 2048K, 0 young (0K), 0 survivors (0K)
 Metaspace       used 88766K, committed 89600K, reserved 1179648K
  class space    used 12257K, committed 12672K, reserved 1048576K
}
Event: 615.201 GC heap before
{Heap before GC invocations=93 (full 24):
 garbage-first heap   total 524288K, used 97837K [0x0000000701800000, 0x0000000800000000)
  region size 2048K, 2 young (4096K), 0 survivors (0K)
 Metaspace       used 88774K, committed 89600K, reserved 1179648K
  class space    used 12257K, committed 12672K, reserved 1048576K
}
Event: 615.263 GC heap after
{Heap after GC invocations=94 (full 25):
 garbage-first heap   total 524288K, used 95730K [0x0000000701800000, 0x0000000800000000)
  region size 2048K, 0 young (0K), 0 survivors (0K)
 Metaspace       used 88774K, committed 89600K, reserved 1179648K
  class space    used 12257K, committed 12672K, reserved 1048576K
}
Event: 616.622 GC heap before
{Heap before GC invocations=94 (full 25):
 garbage-first heap   total 524288K, used 99826K [0x0000000701800000, 0x0000000800000000)
  region size 2048K, 3 young (6144K), 0 survivors (0K)
 Metaspace       used 88781K, committed 89600K, reserved 1179648K
  class space    used 12257K, committed 12672K, reserved 1048576K
}
Event: 616.684 GC heap after
{Heap after GC invocations=95 (full 26):
 garbage-first heap   total 524288K, used 95822K [0x0000000701800000, 0x0000000800000000)
  region size 2048K, 0 young (0K), 0 survivors (0K)
 Metaspace       used 88781K, committed 89600K, reserved 1179648K
  class space    used 12257K, committed 12672K, reserved 1048576K
}
Event: 628.218 GC heap before
{Heap before GC invocations=95 (full 26):
 garbage-first heap   total 524288K, used 116302K [0x0000000701800000, 0x0000000800000000)
  region size 2048K, 11 young (22528K), 0 survivors (0K)
 Metaspace       used 88803K, committed 89600K, reserved 1179648K
  class space    used 12257K, committed 12672K, reserved 1048576K
}
Event: 628.279 GC heap after
{Heap after GC invocations=96 (full 27):
 garbage-first heap   total 524288K, used 96057K [0x0000000701800000, 0x0000000800000000)
  region size 2048K, 0 young (0K), 0 survivors (0K)
 Metaspace       used 88803K, committed 89600K, reserved 1179648K
  class space    used 12257K, committed 12672K, reserved 1048576K
}
Event: 630.706 GC heap before
{Heap before GC invocations=96 (full 27):
 garbage-first heap   total 524288K, used 108345K [0x0000000701800000, 0x0000000800000000)
  region size 2048K, 5 young (10240K), 0 survivors (0K)
 Metaspace       used 88811K, committed 89600K, reserved 1179648K
  class space    used 12257K, committed 12672K, reserved 1048576K
}
Event: 630.766 GC heap after
{Heap after GC invocations=97 (full 28):
 garbage-first heap   total 524288K, used 93965K [0x0000000701800000, 0x0000000800000000)
  region size 2048K, 0 young (0K), 0 survivors (0K)
 Metaspace       used 88811K, committed 89600K, reserved 1179648K
  class space    used 12257K, committed 12672K, reserved 1048576K
}
Event: 648.640 GC heap before
{Heap before GC invocations=97 (full 28):
 garbage-first heap   total 524288K, used 175885K [0x0000000701800000, 0x0000000800000000)
  region size 2048K, 40 young (81920K), 0 survivors (0K)
 Metaspace       used 88887K, committed 89728K, reserved 1179648K
  class space    used 12263K, committed 12672K, reserved 1048576K
}
Event: 648.645 GC heap after
{Heap after GC invocations=98 (full 28):
 garbage-first heap   total 524288K, used 95435K [0x0000000701800000, 0x0000000800000000)
  region size 2048K, 1 young (2048K), 1 survivors (2048K)
 Metaspace       used 88887K, committed 89728K, reserved 1179648K
  class space    used 12263K, committed 12672K, reserved 1048576K
}
Event: 657.946 GC heap before
{Heap before GC invocations=98 (full 28):
 garbage-first heap   total 524288K, used 122059K [0x0000000701800000, 0x0000000800000000)
  region size 2048K, 15 young (30720K), 1 survivors (2048K)
 Metaspace       used 88897K, committed 89728K, reserved 1179648K
  class space    used 12263K, committed 12672K, reserved 1048576K
}
Event: 657.950 GC heap after
{Heap after GC invocations=99 (full 28):
 garbage-first heap   total 524288K, used 95454K [0x0000000701800000, 0x0000000800000000)
  region size 2048K, 1 young (2048K), 1 survivors (2048K)
 Metaspace       used 88897K, committed 89728K, reserved 1179648K
  class space    used 12263K, committed 12672K, reserved 1048576K
}
Event: 676.538 GC heap before
{Heap before GC invocations=99 (full 28):
 garbage-first heap   total 524288K, used 175326K [0x0000000701800000, 0x0000000800000000)
  region size 2048K, 40 young (81920K), 1 survivors (2048K)
 Metaspace       used 88962K, committed 89792K, reserved 1179648K
  class space    used 12263K, committed 12672K, reserved 1048576K
}
Event: 676.550 GC heap after
{Heap after GC invocations=100 (full 28):
 garbage-first heap   total 524288K, used 96076K [0x0000000701800000, 0x0000000800000000)
  region size 2048K, 2 young (4096K), 2 survivors (4096K)
 Metaspace       used 88962K, committed 89792K, reserved 1179648K
  class space    used 12263K, committed 12672K, reserved 1048576K
}

